Analysis & Synthesis report for dlx
Sat Feb 14 21:19:44 2026
Quartus Prime Version 24.1std.0 Build 1077 03/04/2025 SC Lite Edition


---------------------
; Table of Contents ;
---------------------
  1. Legal Notice
  2. Analysis & Synthesis Summary
  3. Analysis & Synthesis Settings
  4. Parallel Compilation
  5. Analysis & Synthesis Source Files Read
  6. Analysis & Synthesis Resource Usage Summary
  7. Analysis & Synthesis Resource Utilization by Entity
  8. Analysis & Synthesis RAM Summary
  9. Registers Removed During Synthesis
 10. General Register Statistics
 11. Inverted Register Statistics
 12. Registers Added for RAM Pass-Through Logic
 13. Multiplexer Restructuring Statistics (Restructuring Performed)
 14. Source assignments for fetch:fetch_inst|imem:imem_inst|altsyncram:altsyncram_component|altsyncram_e2s3:auto_generated
 15. Source assignments for decode:decode_inst|regfile:rf_inst|altsyncram:ram_block_rtl_0|altsyncram_8vf1:auto_generated
 16. Source assignments for decode:decode_inst|regfile:rf_inst|altsyncram:ram_block_rtl_1|altsyncram_8vf1:auto_generated
 17. Parameter Settings for User Entity Instance: fetch:fetch_inst|imem:imem_inst|altsyncram:altsyncram_component
 18. Parameter Settings for Inferred Entity Instance: decode:decode_inst|regfile:rf_inst|altsyncram:ram_block_rtl_0
 19. Parameter Settings for Inferred Entity Instance: decode:decode_inst|regfile:rf_inst|altsyncram:ram_block_rtl_1
 20. altsyncram Parameter Settings by Entity Instance
 21. Port Connectivity Checks: "decode:decode_inst"
 22. Post-Synthesis Netlist Statistics for Top Partition
 23. Elapsed Time Per Partition
 24. Analysis & Synthesis Messages



----------------
; Legal Notice ;
----------------
Copyright (C) 2025  Altera Corporation. All rights reserved.
Your use of Altera Corporation's design tools, logic functions 
and other software and tools, and any partner logic 
functions, and any output files from any of the foregoing 
(including device programming or simulation files), and any 
associated documentation or information are expressly subject 
to the terms and conditions of the Altera Program License 
Subscription Agreement, the Altera Quartus Prime License Agreement,
the Altera IP License Agreement, or other applicable license
agreement, including, without limitation, that your use is for
the sole purpose of programming logic devices manufactured by
Altera and sold by Altera or its authorized distributors.  Please
refer to the Altera Software License Subscription Agreements 
on the Quartus Prime software download page.



+--------------------------------------------------------------------------------------+
; Analysis & Synthesis Summary                                                         ;
+------------------------------------+-------------------------------------------------+
; Analysis & Synthesis Status        ; Successful - Sat Feb 14 21:19:44 2026           ;
; Quartus Prime Version              ; 24.1std.0 Build 1077 03/04/2025 SC Lite Edition ;
; Revision Name                      ; dlx                                             ;
; Top-level Entity Name              ; dlx                                             ;
; Family                             ; MAX 10                                          ;
; Total logic elements               ; 349                                             ;
;     Total combinational functions  ; 179                                             ;
;     Dedicated logic registers      ; 312                                             ;
; Total registers                    ; 312                                             ;
; Total pins                         ; 214                                             ;
; Total virtual pins                 ; 0                                               ;
; Total memory bits                  ; 34,816                                          ;
; Embedded Multiplier 9-bit elements ; 0                                               ;
; Total PLLs                         ; 0                                               ;
; UFM blocks                         ; 0                                               ;
; ADC blocks                         ; 0                                               ;
+------------------------------------+-------------------------------------------------+


+------------------------------------------------------------------------------------------------------------+
; Analysis & Synthesis Settings                                                                              ;
+------------------------------------------------------------------+--------------------+--------------------+
; Option                                                           ; Setting            ; Default Value      ;
+------------------------------------------------------------------+--------------------+--------------------+
; Device                                                           ; 10M50DAF484C7G     ;                    ;
; Top-level entity name                                            ; dlx                ; dlx                ;
; Family name                                                      ; MAX 10             ; Cyclone V          ;
; Use smart compilation                                            ; Off                ; Off                ;
; Enable parallel Assembler and Timing Analyzer during compilation ; On                 ; On                 ;
; Enable compact report table                                      ; Off                ; Off                ;
; Restructure Multiplexers                                         ; Auto               ; Auto               ;
; Create Debugging Nodes for IP Cores                              ; Off                ; Off                ;
; Preserve fewer node names                                        ; On                 ; On                 ;
; Intel FPGA IP Evaluation Mode                                    ; Enable             ; Enable             ;
; Verilog Version                                                  ; Verilog_2001       ; Verilog_2001       ;
; VHDL Version                                                     ; VHDL_1993          ; VHDL_1993          ;
; State Machine Processing                                         ; Auto               ; Auto               ;
; Safe State Machine                                               ; Off                ; Off                ;
; Extract Verilog State Machines                                   ; On                 ; On                 ;
; Extract VHDL State Machines                                      ; On                 ; On                 ;
; Ignore Verilog initial constructs                                ; Off                ; Off                ;
; Iteration limit for constant Verilog loops                       ; 5000               ; 5000               ;
; Iteration limit for non-constant Verilog loops                   ; 250                ; 250                ;
; Add Pass-Through Logic to Inferred RAMs                          ; On                 ; On                 ;
; Infer RAMs from Raw Logic                                        ; On                 ; On                 ;
; Parallel Synthesis                                               ; On                 ; On                 ;
; DSP Block Balancing                                              ; Auto               ; Auto               ;
; NOT Gate Push-Back                                               ; On                 ; On                 ;
; Power-Up Don't Care                                              ; On                 ; On                 ;
; Remove Redundant Logic Cells                                     ; Off                ; Off                ;
; Remove Duplicate Registers                                       ; On                 ; On                 ;
; Ignore CARRY Buffers                                             ; Off                ; Off                ;
; Ignore CASCADE Buffers                                           ; Off                ; Off                ;
; Ignore GLOBAL Buffers                                            ; Off                ; Off                ;
; Ignore ROW GLOBAL Buffers                                        ; Off                ; Off                ;
; Ignore LCELL Buffers                                             ; Off                ; Off                ;
; Ignore SOFT Buffers                                              ; On                 ; On                 ;
; Limit AHDL Integers to 32 Bits                                   ; Off                ; Off                ;
; Optimization Technique                                           ; Balanced           ; Balanced           ;
; Carry Chain Length                                               ; 70                 ; 70                 ;
; Auto Carry Chains                                                ; On                 ; On                 ;
; Auto Open-Drain Pins                                             ; On                 ; On                 ;
; Perform WYSIWYG Primitive Resynthesis                            ; Off                ; Off                ;
; Auto ROM Replacement                                             ; On                 ; On                 ;
; Auto RAM Replacement                                             ; On                 ; On                 ;
; Auto DSP Block Replacement                                       ; On                 ; On                 ;
; Auto Shift Register Replacement                                  ; Auto               ; Auto               ;
; Allow Shift Register Merging across Hierarchies                  ; Auto               ; Auto               ;
; Auto Clock Enable Replacement                                    ; On                 ; On                 ;
; Strict RAM Replacement                                           ; Off                ; Off                ;
; Allow Synchronous Control Signals                                ; On                 ; On                 ;
; Force Use of Synchronous Clear Signals                           ; Off                ; Off                ;
; Auto RAM Block Balancing                                         ; On                 ; On                 ;
; Auto RAM to Logic Cell Conversion                                ; Off                ; Off                ;
; Auto Resource Sharing                                            ; Off                ; Off                ;
; Allow Any RAM Size For Recognition                               ; Off                ; Off                ;
; Allow Any ROM Size For Recognition                               ; Off                ; Off                ;
; Allow Any Shift Register Size For Recognition                    ; Off                ; Off                ;
; Use LogicLock Constraints during Resource Balancing              ; On                 ; On                 ;
; Ignore translate_off and synthesis_off directives                ; Off                ; Off                ;
; Timing-Driven Synthesis                                          ; On                 ; On                 ;
; Report Parameter Settings                                        ; On                 ; On                 ;
; Report Source Assignments                                        ; On                 ; On                 ;
; Report Connectivity Checks                                       ; On                 ; On                 ;
; Ignore Maximum Fan-Out Assignments                               ; Off                ; Off                ;
; Synchronization Register Chain Length                            ; 2                  ; 2                  ;
; Power Optimization During Synthesis                              ; Normal compilation ; Normal compilation ;
; HDL message level                                                ; Level2             ; Level2             ;
; Suppress Register Optimization Related Messages                  ; Off                ; Off                ;
; Number of Removed Registers Reported in Synthesis Report         ; 5000               ; 5000               ;
; Number of Swept Nodes Reported in Synthesis Report               ; 5000               ; 5000               ;
; Number of Inverted Registers Reported in Synthesis Report        ; 100                ; 100                ;
; Clock MUX Protection                                             ; On                 ; On                 ;
; Auto Gated Clock Conversion                                      ; Off                ; Off                ;
; Block Design Naming                                              ; Auto               ; Auto               ;
; SDC constraint protection                                        ; Off                ; Off                ;
; Synthesis Effort                                                 ; Auto               ; Auto               ;
; Shift Register Replacement - Allow Asynchronous Clear Signal     ; On                 ; On                 ;
; Pre-Mapping Resynthesis Optimization                             ; Off                ; Off                ;
; Analysis & Synthesis Message Level                               ; Medium             ; Medium             ;
; Disable Register Merging Across Hierarchies                      ; Auto               ; Auto               ;
; Resource Aware Inference For Block RAM                           ; On                 ; On                 ;
+------------------------------------------------------------------+--------------------+--------------------+


+------------------------------------------+
; Parallel Compilation                     ;
+----------------------------+-------------+
; Processors                 ; Number      ;
+----------------------------+-------------+
; Number detected on machine ; 8           ;
; Maximum allowed            ; 4           ;
;                            ;             ;
; Average used               ; 1.00        ;
; Maximum used               ; 4           ;
;                            ;             ;
; Usage by Processor         ; % Time Used ;
;     Processor 1            ; 100.0%      ;
;     Processors 2-4         ;   0.0%      ;
+----------------------------+-------------+


+------------------------------------------------------------------------------------------------------------------------------------------------------------------------------------------------------------+
; Analysis & Synthesis Source Files Read                                                                                                                                                                     ;
+--------------------------------------+-----------------+-------------------------------------------------------+---------------------------------------------------------------------------------+---------+
; File Name with User-Entered Path     ; Used in Netlist ; File Type                                             ; File Name with Absolute Path                                                    ; Library ;
+--------------------------------------+-----------------+-------------------------------------------------------+---------------------------------------------------------------------------------+---------+
; regfile.vhd                          ; yes             ; User VHDL File                                        ; C:/Users/TS/Desktop/dlx/regfile.vhd                                             ;         ;
; imem.vhd                             ; yes             ; User Wizard-Generated File                            ; C:/Users/TS/Desktop/dlx/imem.vhd                                                ;         ;
; fetch.vhd                            ; yes             ; User VHDL File                                        ; C:/Users/TS/Desktop/dlx/fetch.vhd                                               ;         ;
; dlx_pkg.vhd                          ; yes             ; User VHDL File                                        ; C:/Users/TS/Desktop/dlx/dlx_pkg.vhd                                             ;         ;
; decode.vhd                           ; yes             ; User VHDL File                                        ; C:/Users/TS/Desktop/dlx/decode.vhd                                              ;         ;
; dlx.vhd                              ; yes             ; User VHDL File                                        ; C:/Users/TS/Desktop/dlx/dlx.vhd                                                 ;         ;
; altsyncram.tdf                       ; yes             ; Megafunction                                          ; c:/intelfpga_lite/24.1std/quartus/libraries/megafunctions/altsyncram.tdf        ;         ;
; stratix_ram_block.inc                ; yes             ; Megafunction                                          ; c:/intelfpga_lite/24.1std/quartus/libraries/megafunctions/stratix_ram_block.inc ;         ;
; lpm_mux.inc                          ; yes             ; Megafunction                                          ; c:/intelfpga_lite/24.1std/quartus/libraries/megafunctions/lpm_mux.inc           ;         ;
; lpm_decode.inc                       ; yes             ; Megafunction                                          ; c:/intelfpga_lite/24.1std/quartus/libraries/megafunctions/lpm_decode.inc        ;         ;
; aglobal241.inc                       ; yes             ; Megafunction                                          ; c:/intelfpga_lite/24.1std/quartus/libraries/megafunctions/aglobal241.inc        ;         ;
; a_rdenreg.inc                        ; yes             ; Megafunction                                          ; c:/intelfpga_lite/24.1std/quartus/libraries/megafunctions/a_rdenreg.inc         ;         ;
; altrom.inc                           ; yes             ; Megafunction                                          ; c:/intelfpga_lite/24.1std/quartus/libraries/megafunctions/altrom.inc            ;         ;
; altram.inc                           ; yes             ; Megafunction                                          ; c:/intelfpga_lite/24.1std/quartus/libraries/megafunctions/altram.inc            ;         ;
; altdpram.inc                         ; yes             ; Megafunction                                          ; c:/intelfpga_lite/24.1std/quartus/libraries/megafunctions/altdpram.inc          ;         ;
; db/altsyncram_e2s3.tdf               ; yes             ; Auto-Generated Megafunction                           ; C:/Users/TS/Desktop/dlx/db/altsyncram_e2s3.tdf                                  ;         ;
; codeFactorial.mif                    ; yes             ; Auto-Found Memory Initialization File                 ; C:/Users/TS/Desktop/dlx/codeFactorial.mif                                       ;         ;
; db/altsyncram_8vf1.tdf               ; yes             ; Auto-Generated Megafunction                           ; C:/Users/TS/Desktop/dlx/db/altsyncram_8vf1.tdf                                  ;         ;
; db/dlx.ram0_regfile_4c9f4da2.hdl.mif ; yes             ; Auto-Generated Auto-Found Memory Initialization File  ; C:/Users/TS/Desktop/dlx/db/dlx.ram0_regfile_4c9f4da2.hdl.mif                    ;         ;
+--------------------------------------+-----------------+-------------------------------------------------------+---------------------------------------------------------------------------------+---------+


+---------------------------------------------------------+
; Analysis & Synthesis Resource Usage Summary             ;
+---------------------------------------------+-----------+
; Resource                                    ; Usage     ;
+---------------------------------------------+-----------+
; Estimated Total logic elements              ; 349       ;
;                                             ;           ;
; Total combinational functions               ; 179       ;
; Logic element usage by number of LUT inputs ;           ;
;     -- 4 input functions                    ; 90        ;
;     -- 3 input functions                    ; 19        ;
;     -- <=2 input functions                  ; 70        ;
;                                             ;           ;
; Logic elements by mode                      ;           ;
;     -- normal mode                          ; 170       ;
;     -- arithmetic mode                      ; 9         ;
;                                             ;           ;
; Total registers                             ; 312       ;
;     -- Dedicated logic registers            ; 312       ;
;     -- I/O registers                        ; 0         ;
;                                             ;           ;
; I/O pins                                    ; 214       ;
; Total memory bits                           ; 34816     ;
;                                             ;           ;
; Embedded Multiplier 9-bit elements          ; 0         ;
;                                             ;           ;
; Maximum fan-out node                        ; clk~input ;
; Maximum fan-out                             ; 408       ;
; Total fan-out                               ; 2757      ;
; Average fan-out                             ; 2.72      ;
+---------------------------------------------+-----------+


+------------------------------------------------------------------------------------------------------------------------------------------------------------------------------------------------------------------------------------------------------------------------------------------------------------------------------------------+
; Analysis & Synthesis Resource Utilization by Entity                                                                                                                                                                                                                                                                                      ;
+----------------------------------------------+---------------------+---------------------------+-------------+------------+--------------+---------+-----------+------+--------------+------------+-----------------------------------------------------------------------------------------------------+-----------------+--------------+
; Compilation Hierarchy Node                   ; Combinational ALUTs ; Dedicated Logic Registers ; Memory Bits ; UFM Blocks ; DSP Elements ; DSP 9x9 ; DSP 18x18 ; Pins ; Virtual Pins ; ADC blocks ; Full Hierarchy Name                                                                                 ; Entity Name     ; Library Name ;
+----------------------------------------------+---------------------+---------------------------+-------------+------------+--------------+---------+-----------+------+--------------+------------+-----------------------------------------------------------------------------------------------------+-----------------+--------------+
; |dlx                                         ; 179 (0)             ; 312 (0)                   ; 34816       ; 0          ; 0            ; 0       ; 0         ; 214  ; 0            ; 0          ; |dlx                                                                                                ; dlx             ; work         ;
;    |decode:decode_inst|                      ; 159 (85)            ; 302 (152)                 ; 2048        ; 0          ; 0            ; 0       ; 0         ; 0    ; 0            ; 0          ; |dlx|decode:decode_inst                                                                             ; decode          ; work         ;
;       |regfile:rf_inst|                      ; 74 (74)             ; 150 (150)                 ; 2048        ; 0          ; 0            ; 0       ; 0         ; 0    ; 0            ; 0          ; |dlx|decode:decode_inst|regfile:rf_inst                                                             ; regfile         ; work         ;
;          |altsyncram:ram_block_rtl_0|        ; 0 (0)               ; 0 (0)                     ; 1024        ; 0          ; 0            ; 0       ; 0         ; 0    ; 0            ; 0          ; |dlx|decode:decode_inst|regfile:rf_inst|altsyncram:ram_block_rtl_0                                  ; altsyncram      ; work         ;
;             |altsyncram_8vf1:auto_generated| ; 0 (0)               ; 0 (0)                     ; 1024        ; 0          ; 0            ; 0       ; 0         ; 0    ; 0            ; 0          ; |dlx|decode:decode_inst|regfile:rf_inst|altsyncram:ram_block_rtl_0|altsyncram_8vf1:auto_generated   ; altsyncram_8vf1 ; work         ;
;          |altsyncram:ram_block_rtl_1|        ; 0 (0)               ; 0 (0)                     ; 1024        ; 0          ; 0            ; 0       ; 0         ; 0    ; 0            ; 0          ; |dlx|decode:decode_inst|regfile:rf_inst|altsyncram:ram_block_rtl_1                                  ; altsyncram      ; work         ;
;             |altsyncram_8vf1:auto_generated| ; 0 (0)               ; 0 (0)                     ; 1024        ; 0          ; 0            ; 0       ; 0         ; 0    ; 0            ; 0          ; |dlx|decode:decode_inst|regfile:rf_inst|altsyncram:ram_block_rtl_1|altsyncram_8vf1:auto_generated   ; altsyncram_8vf1 ; work         ;
;    |fetch:fetch_inst|                        ; 20 (20)             ; 10 (10)                   ; 32768       ; 0          ; 0            ; 0       ; 0         ; 0    ; 0            ; 0          ; |dlx|fetch:fetch_inst                                                                               ; fetch           ; work         ;
;       |imem:imem_inst|                       ; 0 (0)               ; 0 (0)                     ; 32768       ; 0          ; 0            ; 0       ; 0         ; 0    ; 0            ; 0          ; |dlx|fetch:fetch_inst|imem:imem_inst                                                                ; imem            ; work         ;
;          |altsyncram:altsyncram_component|   ; 0 (0)               ; 0 (0)                     ; 32768       ; 0          ; 0            ; 0       ; 0         ; 0    ; 0            ; 0          ; |dlx|fetch:fetch_inst|imem:imem_inst|altsyncram:altsyncram_component                                ; altsyncram      ; work         ;
;             |altsyncram_e2s3:auto_generated| ; 0 (0)               ; 0 (0)                     ; 32768       ; 0          ; 0            ; 0       ; 0         ; 0    ; 0            ; 0          ; |dlx|fetch:fetch_inst|imem:imem_inst|altsyncram:altsyncram_component|altsyncram_e2s3:auto_generated ; altsyncram_e2s3 ; work         ;
+----------------------------------------------+---------------------+---------------------------+-------------+------------+--------------+---------+-----------+------+--------------+------------+-----------------------------------------------------------------------------------------------------+-----------------+--------------+
Note: For table entries with two numbers listed, the numbers in parentheses indicate the number of resources of the given type used by the specific entity alone. The numbers listed outside of parentheses indicate the total resources of the given type used by the specific entity and all of its sub-entities in the hierarchy.


+------------------------------------------------------------------------------------------------------------------------------------------------------------------------------------------------------------------------------------------------+
; Analysis & Synthesis RAM Summary                                                                                                                                                                                                               ;
+-----------------------------------------------------------------------------------------------------------+------+------------------+--------------+--------------+--------------+--------------+-------+--------------------------------------+
; Name                                                                                                      ; Type ; Mode             ; Port A Depth ; Port A Width ; Port B Depth ; Port B Width ; Size  ; MIF                                  ;
+-----------------------------------------------------------------------------------------------------------+------+------------------+--------------+--------------+--------------+--------------+-------+--------------------------------------+
; decode:decode_inst|regfile:rf_inst|altsyncram:ram_block_rtl_0|altsyncram_8vf1:auto_generated|ALTSYNCRAM   ; AUTO ; Simple Dual Port ; 32           ; 32           ; 32           ; 32           ; 1024  ; db/dlx.ram0_regfile_4c9f4da2.hdl.mif ;
; decode:decode_inst|regfile:rf_inst|altsyncram:ram_block_rtl_1|altsyncram_8vf1:auto_generated|ALTSYNCRAM   ; AUTO ; Simple Dual Port ; 32           ; 32           ; 32           ; 32           ; 1024  ; db/dlx.ram0_regfile_4c9f4da2.hdl.mif ;
; fetch:fetch_inst|imem:imem_inst|altsyncram:altsyncram_component|altsyncram_e2s3:auto_generated|ALTSYNCRAM ; AUTO ; ROM              ; 1024         ; 32           ; --           ; --           ; 32768 ; codeFactorial.mif                    ;
+-----------------------------------------------------------------------------------------------------------+------+------------------+--------------+--------------+--------------+--------------+-------+--------------------------------------+


+--------------------------------------------------------------------------------+
; Registers Removed During Synthesis                                             ;
+---------------------------------------+----------------------------------------+
; Register name                         ; Reason for Removal                     ;
+---------------------------------------+----------------------------------------+
; decode:decode_inst|ALUOp_out[4]       ; Stuck at GND due to stuck port data_in ;
; Total Number of Removed Registers = 1 ;                                        ;
+---------------------------------------+----------------------------------------+


+------------------------------------------------------+
; General Register Statistics                          ;
+----------------------------------------------+-------+
; Statistic                                    ; Value ;
+----------------------------------------------+-------+
; Total registers                              ; 312   ;
; Number of registers using Synchronous Clear  ; 82    ;
; Number of registers using Synchronous Load   ; 0     ;
; Number of registers using Asynchronous Clear ; 0     ;
; Number of registers using Asynchronous Load  ; 0     ;
; Number of registers using Clock Enable       ; 0     ;
; Number of registers using Preset             ; 0     ;
+----------------------------------------------+-------+


+-------------------------------------------------------------------------+
; Inverted Register Statistics                                            ;
+---------------------------------------------------------------+---------+
; Inverted Register                                             ; Fan out ;
+---------------------------------------------------------------+---------+
; decode:decode_inst|regfile:rf_inst|ram_block_rtl_0_bypass[12] ; 1       ;
; decode:decode_inst|regfile:rf_inst|ram_block_rtl_0_bypass[14] ; 1       ;
; decode:decode_inst|regfile:rf_inst|ram_block_rtl_0_bypass[16] ; 1       ;
; decode:decode_inst|regfile:rf_inst|ram_block_rtl_0_bypass[18] ; 1       ;
; decode:decode_inst|regfile:rf_inst|ram_block_rtl_0_bypass[20] ; 1       ;
; decode:decode_inst|regfile:rf_inst|ram_block_rtl_0_bypass[22] ; 1       ;
; decode:decode_inst|regfile:rf_inst|ram_block_rtl_0_bypass[24] ; 1       ;
; decode:decode_inst|regfile:rf_inst|ram_block_rtl_0_bypass[26] ; 1       ;
; decode:decode_inst|regfile:rf_inst|ram_block_rtl_0_bypass[28] ; 1       ;
; decode:decode_inst|regfile:rf_inst|ram_block_rtl_0_bypass[30] ; 1       ;
; decode:decode_inst|regfile:rf_inst|ram_block_rtl_0_bypass[32] ; 1       ;
; decode:decode_inst|regfile:rf_inst|ram_block_rtl_0_bypass[34] ; 1       ;
; decode:decode_inst|regfile:rf_inst|ram_block_rtl_0_bypass[36] ; 1       ;
; decode:decode_inst|regfile:rf_inst|ram_block_rtl_0_bypass[38] ; 1       ;
; decode:decode_inst|regfile:rf_inst|ram_block_rtl_0_bypass[40] ; 1       ;
; decode:decode_inst|regfile:rf_inst|ram_block_rtl_0_bypass[42] ; 1       ;
; decode:decode_inst|regfile:rf_inst|ram_block_rtl_0_bypass[44] ; 1       ;
; decode:decode_inst|regfile:rf_inst|ram_block_rtl_0_bypass[46] ; 1       ;
; decode:decode_inst|regfile:rf_inst|ram_block_rtl_0_bypass[48] ; 1       ;
; decode:decode_inst|regfile:rf_inst|ram_block_rtl_0_bypass[50] ; 1       ;
; decode:decode_inst|regfile:rf_inst|ram_block_rtl_0_bypass[52] ; 1       ;
; decode:decode_inst|regfile:rf_inst|ram_block_rtl_0_bypass[54] ; 1       ;
; decode:decode_inst|regfile:rf_inst|ram_block_rtl_0_bypass[56] ; 1       ;
; decode:decode_inst|regfile:rf_inst|ram_block_rtl_0_bypass[58] ; 1       ;
; decode:decode_inst|regfile:rf_inst|ram_block_rtl_0_bypass[60] ; 1       ;
; decode:decode_inst|regfile:rf_inst|ram_block_rtl_0_bypass[62] ; 1       ;
; decode:decode_inst|regfile:rf_inst|ram_block_rtl_0_bypass[64] ; 1       ;
; decode:decode_inst|regfile:rf_inst|ram_block_rtl_0_bypass[66] ; 1       ;
; decode:decode_inst|regfile:rf_inst|ram_block_rtl_0_bypass[68] ; 1       ;
; decode:decode_inst|regfile:rf_inst|ram_block_rtl_0_bypass[70] ; 1       ;
; decode:decode_inst|regfile:rf_inst|ram_block_rtl_0_bypass[72] ; 1       ;
; decode:decode_inst|regfile:rf_inst|ram_block_rtl_0_bypass[74] ; 1       ;
; decode:decode_inst|regfile:rf_inst|ram_block_rtl_1_bypass[12] ; 1       ;
; decode:decode_inst|regfile:rf_inst|ram_block_rtl_1_bypass[14] ; 1       ;
; decode:decode_inst|regfile:rf_inst|ram_block_rtl_1_bypass[16] ; 1       ;
; decode:decode_inst|regfile:rf_inst|ram_block_rtl_1_bypass[18] ; 1       ;
; decode:decode_inst|regfile:rf_inst|ram_block_rtl_1_bypass[20] ; 1       ;
; decode:decode_inst|regfile:rf_inst|ram_block_rtl_1_bypass[22] ; 1       ;
; decode:decode_inst|regfile:rf_inst|ram_block_rtl_1_bypass[24] ; 1       ;
; decode:decode_inst|regfile:rf_inst|ram_block_rtl_1_bypass[26] ; 1       ;
; decode:decode_inst|regfile:rf_inst|ram_block_rtl_1_bypass[28] ; 1       ;
; decode:decode_inst|regfile:rf_inst|ram_block_rtl_1_bypass[30] ; 1       ;
; decode:decode_inst|regfile:rf_inst|ram_block_rtl_1_bypass[32] ; 1       ;
; decode:decode_inst|regfile:rf_inst|ram_block_rtl_1_bypass[34] ; 1       ;
; decode:decode_inst|regfile:rf_inst|ram_block_rtl_1_bypass[36] ; 1       ;
; decode:decode_inst|regfile:rf_inst|ram_block_rtl_1_bypass[38] ; 1       ;
; decode:decode_inst|regfile:rf_inst|ram_block_rtl_1_bypass[40] ; 1       ;
; decode:decode_inst|regfile:rf_inst|ram_block_rtl_1_bypass[42] ; 1       ;
; decode:decode_inst|regfile:rf_inst|ram_block_rtl_1_bypass[44] ; 1       ;
; decode:decode_inst|regfile:rf_inst|ram_block_rtl_1_bypass[46] ; 1       ;
; decode:decode_inst|regfile:rf_inst|ram_block_rtl_1_bypass[48] ; 1       ;
; decode:decode_inst|regfile:rf_inst|ram_block_rtl_1_bypass[50] ; 1       ;
; decode:decode_inst|regfile:rf_inst|ram_block_rtl_1_bypass[52] ; 1       ;
; decode:decode_inst|regfile:rf_inst|ram_block_rtl_1_bypass[54] ; 1       ;
; decode:decode_inst|regfile:rf_inst|ram_block_rtl_1_bypass[56] ; 1       ;
; decode:decode_inst|regfile:rf_inst|ram_block_rtl_1_bypass[58] ; 1       ;
; decode:decode_inst|regfile:rf_inst|ram_block_rtl_1_bypass[60] ; 1       ;
; decode:decode_inst|regfile:rf_inst|ram_block_rtl_1_bypass[62] ; 1       ;
; decode:decode_inst|regfile:rf_inst|ram_block_rtl_1_bypass[64] ; 1       ;
; decode:decode_inst|regfile:rf_inst|ram_block_rtl_1_bypass[66] ; 1       ;
; decode:decode_inst|regfile:rf_inst|ram_block_rtl_1_bypass[68] ; 1       ;
; decode:decode_inst|regfile:rf_inst|ram_block_rtl_1_bypass[70] ; 1       ;
; decode:decode_inst|regfile:rf_inst|ram_block_rtl_1_bypass[72] ; 1       ;
; decode:decode_inst|regfile:rf_inst|ram_block_rtl_1_bypass[74] ; 1       ;
; Total number of inverted registers = 64                       ;         ;
+---------------------------------------------------------------+---------+


+--------------------------------------------------------------------------------------------------------------------+
; Registers Added for RAM Pass-Through Logic                                                                         ;
+---------------------------------------------------------------+----------------------------------------------------+
; Register Name                                                 ; RAM Name                                           ;
+---------------------------------------------------------------+----------------------------------------------------+
; decode:decode_inst|regfile:rf_inst|ram_block_rtl_0_bypass[0]  ; decode:decode_inst|regfile:rf_inst|ram_block_rtl_0 ;
; decode:decode_inst|regfile:rf_inst|ram_block_rtl_0_bypass[1]  ; decode:decode_inst|regfile:rf_inst|ram_block_rtl_0 ;
; decode:decode_inst|regfile:rf_inst|ram_block_rtl_0_bypass[2]  ; decode:decode_inst|regfile:rf_inst|ram_block_rtl_0 ;
; decode:decode_inst|regfile:rf_inst|ram_block_rtl_0_bypass[3]  ; decode:decode_inst|regfile:rf_inst|ram_block_rtl_0 ;
; decode:decode_inst|regfile:rf_inst|ram_block_rtl_0_bypass[4]  ; decode:decode_inst|regfile:rf_inst|ram_block_rtl_0 ;
; decode:decode_inst|regfile:rf_inst|ram_block_rtl_0_bypass[5]  ; decode:decode_inst|regfile:rf_inst|ram_block_rtl_0 ;
; decode:decode_inst|regfile:rf_inst|ram_block_rtl_0_bypass[6]  ; decode:decode_inst|regfile:rf_inst|ram_block_rtl_0 ;
; decode:decode_inst|regfile:rf_inst|ram_block_rtl_0_bypass[7]  ; decode:decode_inst|regfile:rf_inst|ram_block_rtl_0 ;
; decode:decode_inst|regfile:rf_inst|ram_block_rtl_0_bypass[8]  ; decode:decode_inst|regfile:rf_inst|ram_block_rtl_0 ;
; decode:decode_inst|regfile:rf_inst|ram_block_rtl_0_bypass[9]  ; decode:decode_inst|regfile:rf_inst|ram_block_rtl_0 ;
; decode:decode_inst|regfile:rf_inst|ram_block_rtl_0_bypass[10] ; decode:decode_inst|regfile:rf_inst|ram_block_rtl_0 ;
; decode:decode_inst|regfile:rf_inst|ram_block_rtl_0_bypass[11] ; decode:decode_inst|regfile:rf_inst|ram_block_rtl_0 ;
; decode:decode_inst|regfile:rf_inst|ram_block_rtl_0_bypass[12] ; decode:decode_inst|regfile:rf_inst|ram_block_rtl_0 ;
; decode:decode_inst|regfile:rf_inst|ram_block_rtl_0_bypass[13] ; decode:decode_inst|regfile:rf_inst|ram_block_rtl_0 ;
; decode:decode_inst|regfile:rf_inst|ram_block_rtl_0_bypass[14] ; decode:decode_inst|regfile:rf_inst|ram_block_rtl_0 ;
; decode:decode_inst|regfile:rf_inst|ram_block_rtl_0_bypass[15] ; decode:decode_inst|regfile:rf_inst|ram_block_rtl_0 ;
; decode:decode_inst|regfile:rf_inst|ram_block_rtl_0_bypass[16] ; decode:decode_inst|regfile:rf_inst|ram_block_rtl_0 ;
; decode:decode_inst|regfile:rf_inst|ram_block_rtl_0_bypass[17] ; decode:decode_inst|regfile:rf_inst|ram_block_rtl_0 ;
; decode:decode_inst|regfile:rf_inst|ram_block_rtl_0_bypass[18] ; decode:decode_inst|regfile:rf_inst|ram_block_rtl_0 ;
; decode:decode_inst|regfile:rf_inst|ram_block_rtl_0_bypass[19] ; decode:decode_inst|regfile:rf_inst|ram_block_rtl_0 ;
; decode:decode_inst|regfile:rf_inst|ram_block_rtl_0_bypass[20] ; decode:decode_inst|regfile:rf_inst|ram_block_rtl_0 ;
; decode:decode_inst|regfile:rf_inst|ram_block_rtl_0_bypass[21] ; decode:decode_inst|regfile:rf_inst|ram_block_rtl_0 ;
; decode:decode_inst|regfile:rf_inst|ram_block_rtl_0_bypass[22] ; decode:decode_inst|regfile:rf_inst|ram_block_rtl_0 ;
; decode:decode_inst|regfile:rf_inst|ram_block_rtl_0_bypass[23] ; decode:decode_inst|regfile:rf_inst|ram_block_rtl_0 ;
; decode:decode_inst|regfile:rf_inst|ram_block_rtl_0_bypass[24] ; decode:decode_inst|regfile:rf_inst|ram_block_rtl_0 ;
; decode:decode_inst|regfile:rf_inst|ram_block_rtl_0_bypass[25] ; decode:decode_inst|regfile:rf_inst|ram_block_rtl_0 ;
; decode:decode_inst|regfile:rf_inst|ram_block_rtl_0_bypass[26] ; decode:decode_inst|regfile:rf_inst|ram_block_rtl_0 ;
; decode:decode_inst|regfile:rf_inst|ram_block_rtl_0_bypass[27] ; decode:decode_inst|regfile:rf_inst|ram_block_rtl_0 ;
; decode:decode_inst|regfile:rf_inst|ram_block_rtl_0_bypass[28] ; decode:decode_inst|regfile:rf_inst|ram_block_rtl_0 ;
; decode:decode_inst|regfile:rf_inst|ram_block_rtl_0_bypass[29] ; decode:decode_inst|regfile:rf_inst|ram_block_rtl_0 ;
; decode:decode_inst|regfile:rf_inst|ram_block_rtl_0_bypass[30] ; decode:decode_inst|regfile:rf_inst|ram_block_rtl_0 ;
; decode:decode_inst|regfile:rf_inst|ram_block_rtl_0_bypass[31] ; decode:decode_inst|regfile:rf_inst|ram_block_rtl_0 ;
; decode:decode_inst|regfile:rf_inst|ram_block_rtl_0_bypass[32] ; decode:decode_inst|regfile:rf_inst|ram_block_rtl_0 ;
; decode:decode_inst|regfile:rf_inst|ram_block_rtl_0_bypass[33] ; decode:decode_inst|regfile:rf_inst|ram_block_rtl_0 ;
; decode:decode_inst|regfile:rf_inst|ram_block_rtl_0_bypass[34] ; decode:decode_inst|regfile:rf_inst|ram_block_rtl_0 ;
; decode:decode_inst|regfile:rf_inst|ram_block_rtl_0_bypass[35] ; decode:decode_inst|regfile:rf_inst|ram_block_rtl_0 ;
; decode:decode_inst|regfile:rf_inst|ram_block_rtl_0_bypass[36] ; decode:decode_inst|regfile:rf_inst|ram_block_rtl_0 ;
; decode:decode_inst|regfile:rf_inst|ram_block_rtl_0_bypass[37] ; decode:decode_inst|regfile:rf_inst|ram_block_rtl_0 ;
; decode:decode_inst|regfile:rf_inst|ram_block_rtl_0_bypass[38] ; decode:decode_inst|regfile:rf_inst|ram_block_rtl_0 ;
; decode:decode_inst|regfile:rf_inst|ram_block_rtl_0_bypass[39] ; decode:decode_inst|regfile:rf_inst|ram_block_rtl_0 ;
; decode:decode_inst|regfile:rf_inst|ram_block_rtl_0_bypass[40] ; decode:decode_inst|regfile:rf_inst|ram_block_rtl_0 ;
; decode:decode_inst|regfile:rf_inst|ram_block_rtl_0_bypass[41] ; decode:decode_inst|regfile:rf_inst|ram_block_rtl_0 ;
; decode:decode_inst|regfile:rf_inst|ram_block_rtl_0_bypass[42] ; decode:decode_inst|regfile:rf_inst|ram_block_rtl_0 ;
; decode:decode_inst|regfile:rf_inst|ram_block_rtl_0_bypass[43] ; decode:decode_inst|regfile:rf_inst|ram_block_rtl_0 ;
; decode:decode_inst|regfile:rf_inst|ram_block_rtl_0_bypass[44] ; decode:decode_inst|regfile:rf_inst|ram_block_rtl_0 ;
; decode:decode_inst|regfile:rf_inst|ram_block_rtl_0_bypass[45] ; decode:decode_inst|regfile:rf_inst|ram_block_rtl_0 ;
; decode:decode_inst|regfile:rf_inst|ram_block_rtl_0_bypass[46] ; decode:decode_inst|regfile:rf_inst|ram_block_rtl_0 ;
; decode:decode_inst|regfile:rf_inst|ram_block_rtl_0_bypass[47] ; decode:decode_inst|regfile:rf_inst|ram_block_rtl_0 ;
; decode:decode_inst|regfile:rf_inst|ram_block_rtl_0_bypass[48] ; decode:decode_inst|regfile:rf_inst|ram_block_rtl_0 ;
; decode:decode_inst|regfile:rf_inst|ram_block_rtl_0_bypass[49] ; decode:decode_inst|regfile:rf_inst|ram_block_rtl_0 ;
; decode:decode_inst|regfile:rf_inst|ram_block_rtl_0_bypass[50] ; decode:decode_inst|regfile:rf_inst|ram_block_rtl_0 ;
; decode:decode_inst|regfile:rf_inst|ram_block_rtl_0_bypass[51] ; decode:decode_inst|regfile:rf_inst|ram_block_rtl_0 ;
; decode:decode_inst|regfile:rf_inst|ram_block_rtl_0_bypass[52] ; decode:decode_inst|regfile:rf_inst|ram_block_rtl_0 ;
; decode:decode_inst|regfile:rf_inst|ram_block_rtl_0_bypass[53] ; decode:decode_inst|regfile:rf_inst|ram_block_rtl_0 ;
; decode:decode_inst|regfile:rf_inst|ram_block_rtl_0_bypass[54] ; decode:decode_inst|regfile:rf_inst|ram_block_rtl_0 ;
; decode:decode_inst|regfile:rf_inst|ram_block_rtl_0_bypass[55] ; decode:decode_inst|regfile:rf_inst|ram_block_rtl_0 ;
; decode:decode_inst|regfile:rf_inst|ram_block_rtl_0_bypass[56] ; decode:decode_inst|regfile:rf_inst|ram_block_rtl_0 ;
; decode:decode_inst|regfile:rf_inst|ram_block_rtl_0_bypass[57] ; decode:decode_inst|regfile:rf_inst|ram_block_rtl_0 ;
; decode:decode_inst|regfile:rf_inst|ram_block_rtl_0_bypass[58] ; decode:decode_inst|regfile:rf_inst|ram_block_rtl_0 ;
; decode:decode_inst|regfile:rf_inst|ram_block_rtl_0_bypass[59] ; decode:decode_inst|regfile:rf_inst|ram_block_rtl_0 ;
; decode:decode_inst|regfile:rf_inst|ram_block_rtl_0_bypass[60] ; decode:decode_inst|regfile:rf_inst|ram_block_rtl_0 ;
; decode:decode_inst|regfile:rf_inst|ram_block_rtl_0_bypass[61] ; decode:decode_inst|regfile:rf_inst|ram_block_rtl_0 ;
; decode:decode_inst|regfile:rf_inst|ram_block_rtl_0_bypass[62] ; decode:decode_inst|regfile:rf_inst|ram_block_rtl_0 ;
; decode:decode_inst|regfile:rf_inst|ram_block_rtl_0_bypass[63] ; decode:decode_inst|regfile:rf_inst|ram_block_rtl_0 ;
; decode:decode_inst|regfile:rf_inst|ram_block_rtl_0_bypass[64] ; decode:decode_inst|regfile:rf_inst|ram_block_rtl_0 ;
; decode:decode_inst|regfile:rf_inst|ram_block_rtl_0_bypass[65] ; decode:decode_inst|regfile:rf_inst|ram_block_rtl_0 ;
; decode:decode_inst|regfile:rf_inst|ram_block_rtl_0_bypass[66] ; decode:decode_inst|regfile:rf_inst|ram_block_rtl_0 ;
; decode:decode_inst|regfile:rf_inst|ram_block_rtl_0_bypass[67] ; decode:decode_inst|regfile:rf_inst|ram_block_rtl_0 ;
; decode:decode_inst|regfile:rf_inst|ram_block_rtl_0_bypass[68] ; decode:decode_inst|regfile:rf_inst|ram_block_rtl_0 ;
; decode:decode_inst|regfile:rf_inst|ram_block_rtl_0_bypass[69] ; decode:decode_inst|regfile:rf_inst|ram_block_rtl_0 ;
; decode:decode_inst|regfile:rf_inst|ram_block_rtl_0_bypass[70] ; decode:decode_inst|regfile:rf_inst|ram_block_rtl_0 ;
; decode:decode_inst|regfile:rf_inst|ram_block_rtl_0_bypass[71] ; decode:decode_inst|regfile:rf_inst|ram_block_rtl_0 ;
; decode:decode_inst|regfile:rf_inst|ram_block_rtl_0_bypass[72] ; decode:decode_inst|regfile:rf_inst|ram_block_rtl_0 ;
; decode:decode_inst|regfile:rf_inst|ram_block_rtl_0_bypass[73] ; decode:decode_inst|regfile:rf_inst|ram_block_rtl_0 ;
; decode:decode_inst|regfile:rf_inst|ram_block_rtl_0_bypass[74] ; decode:decode_inst|regfile:rf_inst|ram_block_rtl_0 ;
; decode:decode_inst|regfile:rf_inst|ram_block_rtl_1_bypass[0]  ; decode:decode_inst|regfile:rf_inst|ram_block_rtl_1 ;
; decode:decode_inst|regfile:rf_inst|ram_block_rtl_1_bypass[1]  ; decode:decode_inst|regfile:rf_inst|ram_block_rtl_1 ;
; decode:decode_inst|regfile:rf_inst|ram_block_rtl_1_bypass[2]  ; decode:decode_inst|regfile:rf_inst|ram_block_rtl_1 ;
; decode:decode_inst|regfile:rf_inst|ram_block_rtl_1_bypass[3]  ; decode:decode_inst|regfile:rf_inst|ram_block_rtl_1 ;
; decode:decode_inst|regfile:rf_inst|ram_block_rtl_1_bypass[4]  ; decode:decode_inst|regfile:rf_inst|ram_block_rtl_1 ;
; decode:decode_inst|regfile:rf_inst|ram_block_rtl_1_bypass[5]  ; decode:decode_inst|regfile:rf_inst|ram_block_rtl_1 ;
; decode:decode_inst|regfile:rf_inst|ram_block_rtl_1_bypass[6]  ; decode:decode_inst|regfile:rf_inst|ram_block_rtl_1 ;
; decode:decode_inst|regfile:rf_inst|ram_block_rtl_1_bypass[7]  ; decode:decode_inst|regfile:rf_inst|ram_block_rtl_1 ;
; decode:decode_inst|regfile:rf_inst|ram_block_rtl_1_bypass[8]  ; decode:decode_inst|regfile:rf_inst|ram_block_rtl_1 ;
; decode:decode_inst|regfile:rf_inst|ram_block_rtl_1_bypass[9]  ; decode:decode_inst|regfile:rf_inst|ram_block_rtl_1 ;
; decode:decode_inst|regfile:rf_inst|ram_block_rtl_1_bypass[10] ; decode:decode_inst|regfile:rf_inst|ram_block_rtl_1 ;
; decode:decode_inst|regfile:rf_inst|ram_block_rtl_1_bypass[11] ; decode:decode_inst|regfile:rf_inst|ram_block_rtl_1 ;
; decode:decode_inst|regfile:rf_inst|ram_block_rtl_1_bypass[12] ; decode:decode_inst|regfile:rf_inst|ram_block_rtl_1 ;
; decode:decode_inst|regfile:rf_inst|ram_block_rtl_1_bypass[13] ; decode:decode_inst|regfile:rf_inst|ram_block_rtl_1 ;
; decode:decode_inst|regfile:rf_inst|ram_block_rtl_1_bypass[14] ; decode:decode_inst|regfile:rf_inst|ram_block_rtl_1 ;
; decode:decode_inst|regfile:rf_inst|ram_block_rtl_1_bypass[15] ; decode:decode_inst|regfile:rf_inst|ram_block_rtl_1 ;
; decode:decode_inst|regfile:rf_inst|ram_block_rtl_1_bypass[16] ; decode:decode_inst|regfile:rf_inst|ram_block_rtl_1 ;
; decode:decode_inst|regfile:rf_inst|ram_block_rtl_1_bypass[17] ; decode:decode_inst|regfile:rf_inst|ram_block_rtl_1 ;
; decode:decode_inst|regfile:rf_inst|ram_block_rtl_1_bypass[18] ; decode:decode_inst|regfile:rf_inst|ram_block_rtl_1 ;
; decode:decode_inst|regfile:rf_inst|ram_block_rtl_1_bypass[19] ; decode:decode_inst|regfile:rf_inst|ram_block_rtl_1 ;
; decode:decode_inst|regfile:rf_inst|ram_block_rtl_1_bypass[20] ; decode:decode_inst|regfile:rf_inst|ram_block_rtl_1 ;
; decode:decode_inst|regfile:rf_inst|ram_block_rtl_1_bypass[21] ; decode:decode_inst|regfile:rf_inst|ram_block_rtl_1 ;
; decode:decode_inst|regfile:rf_inst|ram_block_rtl_1_bypass[22] ; decode:decode_inst|regfile:rf_inst|ram_block_rtl_1 ;
; decode:decode_inst|regfile:rf_inst|ram_block_rtl_1_bypass[23] ; decode:decode_inst|regfile:rf_inst|ram_block_rtl_1 ;
; decode:decode_inst|regfile:rf_inst|ram_block_rtl_1_bypass[24] ; decode:decode_inst|regfile:rf_inst|ram_block_rtl_1 ;
; decode:decode_inst|regfile:rf_inst|ram_block_rtl_1_bypass[25] ; decode:decode_inst|regfile:rf_inst|ram_block_rtl_1 ;
; decode:decode_inst|regfile:rf_inst|ram_block_rtl_1_bypass[26] ; decode:decode_inst|regfile:rf_inst|ram_block_rtl_1 ;
; decode:decode_inst|regfile:rf_inst|ram_block_rtl_1_bypass[27] ; decode:decode_inst|regfile:rf_inst|ram_block_rtl_1 ;
; decode:decode_inst|regfile:rf_inst|ram_block_rtl_1_bypass[28] ; decode:decode_inst|regfile:rf_inst|ram_block_rtl_1 ;
; decode:decode_inst|regfile:rf_inst|ram_block_rtl_1_bypass[29] ; decode:decode_inst|regfile:rf_inst|ram_block_rtl_1 ;
; decode:decode_inst|regfile:rf_inst|ram_block_rtl_1_bypass[30] ; decode:decode_inst|regfile:rf_inst|ram_block_rtl_1 ;
; decode:decode_inst|regfile:rf_inst|ram_block_rtl_1_bypass[31] ; decode:decode_inst|regfile:rf_inst|ram_block_rtl_1 ;
; decode:decode_inst|regfile:rf_inst|ram_block_rtl_1_bypass[32] ; decode:decode_inst|regfile:rf_inst|ram_block_rtl_1 ;
; decode:decode_inst|regfile:rf_inst|ram_block_rtl_1_bypass[33] ; decode:decode_inst|regfile:rf_inst|ram_block_rtl_1 ;
; decode:decode_inst|regfile:rf_inst|ram_block_rtl_1_bypass[34] ; decode:decode_inst|regfile:rf_inst|ram_block_rtl_1 ;
; decode:decode_inst|regfile:rf_inst|ram_block_rtl_1_bypass[35] ; decode:decode_inst|regfile:rf_inst|ram_block_rtl_1 ;
; decode:decode_inst|regfile:rf_inst|ram_block_rtl_1_bypass[36] ; decode:decode_inst|regfile:rf_inst|ram_block_rtl_1 ;
; decode:decode_inst|regfile:rf_inst|ram_block_rtl_1_bypass[37] ; decode:decode_inst|regfile:rf_inst|ram_block_rtl_1 ;
; decode:decode_inst|regfile:rf_inst|ram_block_rtl_1_bypass[38] ; decode:decode_inst|regfile:rf_inst|ram_block_rtl_1 ;
; decode:decode_inst|regfile:rf_inst|ram_block_rtl_1_bypass[39] ; decode:decode_inst|regfile:rf_inst|ram_block_rtl_1 ;
; decode:decode_inst|regfile:rf_inst|ram_block_rtl_1_bypass[40] ; decode:decode_inst|regfile:rf_inst|ram_block_rtl_1 ;
; decode:decode_inst|regfile:rf_inst|ram_block_rtl_1_bypass[41] ; decode:decode_inst|regfile:rf_inst|ram_block_rtl_1 ;
; decode:decode_inst|regfile:rf_inst|ram_block_rtl_1_bypass[42] ; decode:decode_inst|regfile:rf_inst|ram_block_rtl_1 ;
; decode:decode_inst|regfile:rf_inst|ram_block_rtl_1_bypass[43] ; decode:decode_inst|regfile:rf_inst|ram_block_rtl_1 ;
; decode:decode_inst|regfile:rf_inst|ram_block_rtl_1_bypass[44] ; decode:decode_inst|regfile:rf_inst|ram_block_rtl_1 ;
; decode:decode_inst|regfile:rf_inst|ram_block_rtl_1_bypass[45] ; decode:decode_inst|regfile:rf_inst|ram_block_rtl_1 ;
; decode:decode_inst|regfile:rf_inst|ram_block_rtl_1_bypass[46] ; decode:decode_inst|regfile:rf_inst|ram_block_rtl_1 ;
; decode:decode_inst|regfile:rf_inst|ram_block_rtl_1_bypass[47] ; decode:decode_inst|regfile:rf_inst|ram_block_rtl_1 ;
; decode:decode_inst|regfile:rf_inst|ram_block_rtl_1_bypass[48] ; decode:decode_inst|regfile:rf_inst|ram_block_rtl_1 ;
; decode:decode_inst|regfile:rf_inst|ram_block_rtl_1_bypass[49] ; decode:decode_inst|regfile:rf_inst|ram_block_rtl_1 ;
; decode:decode_inst|regfile:rf_inst|ram_block_rtl_1_bypass[50] ; decode:decode_inst|regfile:rf_inst|ram_block_rtl_1 ;
; decode:decode_inst|regfile:rf_inst|ram_block_rtl_1_bypass[51] ; decode:decode_inst|regfile:rf_inst|ram_block_rtl_1 ;
; decode:decode_inst|regfile:rf_inst|ram_block_rtl_1_bypass[52] ; decode:decode_inst|regfile:rf_inst|ram_block_rtl_1 ;
; decode:decode_inst|regfile:rf_inst|ram_block_rtl_1_bypass[53] ; decode:decode_inst|regfile:rf_inst|ram_block_rtl_1 ;
; decode:decode_inst|regfile:rf_inst|ram_block_rtl_1_bypass[54] ; decode:decode_inst|regfile:rf_inst|ram_block_rtl_1 ;
; decode:decode_inst|regfile:rf_inst|ram_block_rtl_1_bypass[55] ; decode:decode_inst|regfile:rf_inst|ram_block_rtl_1 ;
; decode:decode_inst|regfile:rf_inst|ram_block_rtl_1_bypass[56] ; decode:decode_inst|regfile:rf_inst|ram_block_rtl_1 ;
; decode:decode_inst|regfile:rf_inst|ram_block_rtl_1_bypass[57] ; decode:decode_inst|regfile:rf_inst|ram_block_rtl_1 ;
; decode:decode_inst|regfile:rf_inst|ram_block_rtl_1_bypass[58] ; decode:decode_inst|regfile:rf_inst|ram_block_rtl_1 ;
; decode:decode_inst|regfile:rf_inst|ram_block_rtl_1_bypass[59] ; decode:decode_inst|regfile:rf_inst|ram_block_rtl_1 ;
; decode:decode_inst|regfile:rf_inst|ram_block_rtl_1_bypass[60] ; decode:decode_inst|regfile:rf_inst|ram_block_rtl_1 ;
; decode:decode_inst|regfile:rf_inst|ram_block_rtl_1_bypass[61] ; decode:decode_inst|regfile:rf_inst|ram_block_rtl_1 ;
; decode:decode_inst|regfile:rf_inst|ram_block_rtl_1_bypass[62] ; decode:decode_inst|regfile:rf_inst|ram_block_rtl_1 ;
; decode:decode_inst|regfile:rf_inst|ram_block_rtl_1_bypass[63] ; decode:decode_inst|regfile:rf_inst|ram_block_rtl_1 ;
; decode:decode_inst|regfile:rf_inst|ram_block_rtl_1_bypass[64] ; decode:decode_inst|regfile:rf_inst|ram_block_rtl_1 ;
; decode:decode_inst|regfile:rf_inst|ram_block_rtl_1_bypass[65] ; decode:decode_inst|regfile:rf_inst|ram_block_rtl_1 ;
; decode:decode_inst|regfile:rf_inst|ram_block_rtl_1_bypass[66] ; decode:decode_inst|regfile:rf_inst|ram_block_rtl_1 ;
; decode:decode_inst|regfile:rf_inst|ram_block_rtl_1_bypass[67] ; decode:decode_inst|regfile:rf_inst|ram_block_rtl_1 ;
; decode:decode_inst|regfile:rf_inst|ram_block_rtl_1_bypass[68] ; decode:decode_inst|regfile:rf_inst|ram_block_rtl_1 ;
; decode:decode_inst|regfile:rf_inst|ram_block_rtl_1_bypass[69] ; decode:decode_inst|regfile:rf_inst|ram_block_rtl_1 ;
; decode:decode_inst|regfile:rf_inst|ram_block_rtl_1_bypass[70] ; decode:decode_inst|regfile:rf_inst|ram_block_rtl_1 ;
; decode:decode_inst|regfile:rf_inst|ram_block_rtl_1_bypass[71] ; decode:decode_inst|regfile:rf_inst|ram_block_rtl_1 ;
; decode:decode_inst|regfile:rf_inst|ram_block_rtl_1_bypass[72] ; decode:decode_inst|regfile:rf_inst|ram_block_rtl_1 ;
; decode:decode_inst|regfile:rf_inst|ram_block_rtl_1_bypass[73] ; decode:decode_inst|regfile:rf_inst|ram_block_rtl_1 ;
; decode:decode_inst|regfile:rf_inst|ram_block_rtl_1_bypass[74] ; decode:decode_inst|regfile:rf_inst|ram_block_rtl_1 ;
+---------------------------------------------------------------+----------------------------------------------------+


+---------------------------------------------------------------------------------------------------------------------------------------------+
; Multiplexer Restructuring Statistics (Restructuring Performed)                                                                              ;
+--------------------+-----------+---------------+----------------------+------------------------+------------+-------------------------------+
; Multiplexer Inputs ; Bus Width ; Baseline Area ; Area if Restructured ; Saving if Restructured ; Registered ; Example Multiplexer Output    ;
+--------------------+-----------+---------------+----------------------+------------------------+------------+-------------------------------+
; 3:1                ; 10 bits   ; 20 LEs        ; 20 LEs               ; 0 LEs                  ; Yes        ; |dlx|fetch:fetch_inst|pc_f[4] ;
+--------------------+-----------+---------------+----------------------+------------------------+------------+-------------------------------+


+-----------------------------------------------------------------------------------------------------------------------+
; Source assignments for fetch:fetch_inst|imem:imem_inst|altsyncram:altsyncram_component|altsyncram_e2s3:auto_generated ;
+---------------------------------+--------------------+------+---------------------------------------------------------+
; Assignment                      ; Value              ; From ; To                                                      ;
+---------------------------------+--------------------+------+---------------------------------------------------------+
; OPTIMIZE_POWER_DURING_SYNTHESIS ; NORMAL_COMPILATION ; -    ; -                                                       ;
+---------------------------------+--------------------+------+---------------------------------------------------------+


+---------------------------------------------------------------------------------------------------------------------+
; Source assignments for decode:decode_inst|regfile:rf_inst|altsyncram:ram_block_rtl_0|altsyncram_8vf1:auto_generated ;
+---------------------------------+--------------------+------+-------------------------------------------------------+
; Assignment                      ; Value              ; From ; To                                                    ;
+---------------------------------+--------------------+------+-------------------------------------------------------+
; OPTIMIZE_POWER_DURING_SYNTHESIS ; NORMAL_COMPILATION ; -    ; -                                                     ;
+---------------------------------+--------------------+------+-------------------------------------------------------+


+---------------------------------------------------------------------------------------------------------------------+
; Source assignments for decode:decode_inst|regfile:rf_inst|altsyncram:ram_block_rtl_1|altsyncram_8vf1:auto_generated ;
+---------------------------------+--------------------+------+-------------------------------------------------------+
; Assignment                      ; Value              ; From ; To                                                    ;
+---------------------------------+--------------------+------+-------------------------------------------------------+
; OPTIMIZE_POWER_DURING_SYNTHESIS ; NORMAL_COMPILATION ; -    ; -                                                     ;
+---------------------------------+--------------------+------+-------------------------------------------------------+


+--------------------------------------------------------------------------------------------------------------+
; Parameter Settings for User Entity Instance: fetch:fetch_inst|imem:imem_inst|altsyncram:altsyncram_component ;
+------------------------------------+----------------------+--------------------------------------------------+
; Parameter Name                     ; Value                ; Type                                             ;
+------------------------------------+----------------------+--------------------------------------------------+
; BYTE_SIZE_BLOCK                    ; 8                    ; Untyped                                          ;
; AUTO_CARRY_CHAINS                  ; ON                   ; AUTO_CARRY                                       ;
; IGNORE_CARRY_BUFFERS               ; OFF                  ; IGNORE_CARRY                                     ;
; AUTO_CASCADE_CHAINS                ; ON                   ; AUTO_CASCADE                                     ;
; IGNORE_CASCADE_BUFFERS             ; OFF                  ; IGNORE_CASCADE                                   ;
; WIDTH_BYTEENA                      ; 1                    ; Untyped                                          ;
; OPERATION_MODE                     ; ROM                  ; Untyped                                          ;
; WIDTH_A                            ; 32                   ; Signed Integer                                   ;
; WIDTHAD_A                          ; 10                   ; Signed Integer                                   ;
; NUMWORDS_A                         ; 1024                 ; Signed Integer                                   ;
; OUTDATA_REG_A                      ; UNREGISTERED         ; Untyped                                          ;
; ADDRESS_ACLR_A                     ; NONE                 ; Untyped                                          ;
; OUTDATA_ACLR_A                     ; NONE                 ; Untyped                                          ;
; WRCONTROL_ACLR_A                   ; NONE                 ; Untyped                                          ;
; INDATA_ACLR_A                      ; NONE                 ; Untyped                                          ;
; BYTEENA_ACLR_A                     ; NONE                 ; Untyped                                          ;
; WIDTH_B                            ; 1                    ; Signed Integer                                   ;
; WIDTHAD_B                          ; 1                    ; Signed Integer                                   ;
; NUMWORDS_B                         ; 0                    ; Signed Integer                                   ;
; INDATA_REG_B                       ; CLOCK1               ; Untyped                                          ;
; WRCONTROL_WRADDRESS_REG_B          ; CLOCK1               ; Untyped                                          ;
; RDCONTROL_REG_B                    ; CLOCK1               ; Untyped                                          ;
; ADDRESS_REG_B                      ; CLOCK1               ; Untyped                                          ;
; OUTDATA_REG_B                      ; UNREGISTERED         ; Untyped                                          ;
; BYTEENA_REG_B                      ; CLOCK1               ; Untyped                                          ;
; INDATA_ACLR_B                      ; NONE                 ; Untyped                                          ;
; WRCONTROL_ACLR_B                   ; NONE                 ; Untyped                                          ;
; ADDRESS_ACLR_B                     ; NONE                 ; Untyped                                          ;
; OUTDATA_ACLR_B                     ; NONE                 ; Untyped                                          ;
; RDCONTROL_ACLR_B                   ; NONE                 ; Untyped                                          ;
; BYTEENA_ACLR_B                     ; NONE                 ; Untyped                                          ;
; WIDTH_BYTEENA_A                    ; 1                    ; Signed Integer                                   ;
; WIDTH_BYTEENA_B                    ; 1                    ; Signed Integer                                   ;
; RAM_BLOCK_TYPE                     ; AUTO                 ; Untyped                                          ;
; BYTE_SIZE                          ; 8                    ; Signed Integer                                   ;
; READ_DURING_WRITE_MODE_MIXED_PORTS ; DONT_CARE            ; Untyped                                          ;
; READ_DURING_WRITE_MODE_PORT_A      ; NEW_DATA_NO_NBE_READ ; Untyped                                          ;
; READ_DURING_WRITE_MODE_PORT_B      ; NEW_DATA_NO_NBE_READ ; Untyped                                          ;
; INIT_FILE                          ; codeFactorial.mif    ; Untyped                                          ;
; INIT_FILE_LAYOUT                   ; PORT_A               ; Untyped                                          ;
; MAXIMUM_DEPTH                      ; 0                    ; Signed Integer                                   ;
; CLOCK_ENABLE_INPUT_A               ; BYPASS               ; Untyped                                          ;
; CLOCK_ENABLE_INPUT_B               ; NORMAL               ; Untyped                                          ;
; CLOCK_ENABLE_OUTPUT_A              ; BYPASS               ; Untyped                                          ;
; CLOCK_ENABLE_OUTPUT_B              ; NORMAL               ; Untyped                                          ;
; CLOCK_ENABLE_CORE_A                ; USE_INPUT_CLKEN      ; Untyped                                          ;
; CLOCK_ENABLE_CORE_B                ; USE_INPUT_CLKEN      ; Untyped                                          ;
; ENABLE_ECC                         ; FALSE                ; Untyped                                          ;
; ECC_PIPELINE_STAGE_ENABLED         ; FALSE                ; Untyped                                          ;
; WIDTH_ECCSTATUS                    ; 3                    ; Signed Integer                                   ;
; DEVICE_FAMILY                      ; MAX 10               ; Untyped                                          ;
; CBXI_PARAMETER                     ; altsyncram_e2s3      ; Untyped                                          ;
+------------------------------------+----------------------+--------------------------------------------------+
Note: In order to hide this table in the UI and the text report file, please set the "Show Parameter Settings in Synthesis Report" option in "Analysis and Synthesis Settings -> More Settings" to "Off".


+----------------------------------------------------------------------------------------------------------------+
; Parameter Settings for Inferred Entity Instance: decode:decode_inst|regfile:rf_inst|altsyncram:ram_block_rtl_0 ;
+------------------------------------+--------------------------------------+------------------------------------+
; Parameter Name                     ; Value                                ; Type                               ;
+------------------------------------+--------------------------------------+------------------------------------+
; BYTE_SIZE_BLOCK                    ; 8                                    ; Untyped                            ;
; AUTO_CARRY_CHAINS                  ; ON                                   ; AUTO_CARRY                         ;
; IGNORE_CARRY_BUFFERS               ; OFF                                  ; IGNORE_CARRY                       ;
; AUTO_CASCADE_CHAINS                ; ON                                   ; AUTO_CASCADE                       ;
; IGNORE_CASCADE_BUFFERS             ; OFF                                  ; IGNORE_CASCADE                     ;
; WIDTH_BYTEENA                      ; 1                                    ; Untyped                            ;
; OPERATION_MODE                     ; DUAL_PORT                            ; Untyped                            ;
; WIDTH_A                            ; 32                                   ; Untyped                            ;
; WIDTHAD_A                          ; 5                                    ; Untyped                            ;
; NUMWORDS_A                         ; 32                                   ; Untyped                            ;
; OUTDATA_REG_A                      ; UNREGISTERED                         ; Untyped                            ;
; ADDRESS_ACLR_A                     ; NONE                                 ; Untyped                            ;
; OUTDATA_ACLR_A                     ; NONE                                 ; Untyped                            ;
; WRCONTROL_ACLR_A                   ; NONE                                 ; Untyped                            ;
; INDATA_ACLR_A                      ; NONE                                 ; Untyped                            ;
; BYTEENA_ACLR_A                     ; NONE                                 ; Untyped                            ;
; WIDTH_B                            ; 32                                   ; Untyped                            ;
; WIDTHAD_B                          ; 5                                    ; Untyped                            ;
; NUMWORDS_B                         ; 32                                   ; Untyped                            ;
; INDATA_REG_B                       ; CLOCK1                               ; Untyped                            ;
; WRCONTROL_WRADDRESS_REG_B          ; CLOCK1                               ; Untyped                            ;
; RDCONTROL_REG_B                    ; CLOCK1                               ; Untyped                            ;
; ADDRESS_REG_B                      ; CLOCK0                               ; Untyped                            ;
; OUTDATA_REG_B                      ; UNREGISTERED                         ; Untyped                            ;
; BYTEENA_REG_B                      ; CLOCK1                               ; Untyped                            ;
; INDATA_ACLR_B                      ; NONE                                 ; Untyped                            ;
; WRCONTROL_ACLR_B                   ; NONE                                 ; Untyped                            ;
; ADDRESS_ACLR_B                     ; NONE                                 ; Untyped                            ;
; OUTDATA_ACLR_B                     ; NONE                                 ; Untyped                            ;
; RDCONTROL_ACLR_B                   ; NONE                                 ; Untyped                            ;
; BYTEENA_ACLR_B                     ; NONE                                 ; Untyped                            ;
; WIDTH_BYTEENA_A                    ; 1                                    ; Untyped                            ;
; WIDTH_BYTEENA_B                    ; 1                                    ; Untyped                            ;
; RAM_BLOCK_TYPE                     ; AUTO                                 ; Untyped                            ;
; BYTE_SIZE                          ; 8                                    ; Untyped                            ;
; READ_DURING_WRITE_MODE_MIXED_PORTS ; DONT_CARE                            ; Untyped                            ;
; READ_DURING_WRITE_MODE_PORT_A      ; NEW_DATA_NO_NBE_READ                 ; Untyped                            ;
; READ_DURING_WRITE_MODE_PORT_B      ; NEW_DATA_NO_NBE_READ                 ; Untyped                            ;
; INIT_FILE                          ; db/dlx.ram0_regfile_4c9f4da2.hdl.mif ; Untyped                            ;
; INIT_FILE_LAYOUT                   ; PORT_A                               ; Untyped                            ;
; MAXIMUM_DEPTH                      ; 0                                    ; Untyped                            ;
; CLOCK_ENABLE_INPUT_A               ; NORMAL                               ; Untyped                            ;
; CLOCK_ENABLE_INPUT_B               ; NORMAL                               ; Untyped                            ;
; CLOCK_ENABLE_OUTPUT_A              ; NORMAL                               ; Untyped                            ;
; CLOCK_ENABLE_OUTPUT_B              ; NORMAL                               ; Untyped                            ;
; CLOCK_ENABLE_CORE_A                ; USE_INPUT_CLKEN                      ; Untyped                            ;
; CLOCK_ENABLE_CORE_B                ; USE_INPUT_CLKEN                      ; Untyped                            ;
; ENABLE_ECC                         ; FALSE                                ; Untyped                            ;
; ECC_PIPELINE_STAGE_ENABLED         ; FALSE                                ; Untyped                            ;
; WIDTH_ECCSTATUS                    ; 3                                    ; Untyped                            ;
; DEVICE_FAMILY                      ; MAX 10                               ; Untyped                            ;
; CBXI_PARAMETER                     ; altsyncram_8vf1                      ; Untyped                            ;
+------------------------------------+--------------------------------------+------------------------------------+
Note: In order to hide this table in the UI and the text report file, please set the "Show Parameter Settings in Synthesis Report" option in "Analysis and Synthesis Settings -> More Settings" to "Off".


+----------------------------------------------------------------------------------------------------------------+
; Parameter Settings for Inferred Entity Instance: decode:decode_inst|regfile:rf_inst|altsyncram:ram_block_rtl_1 ;
+------------------------------------+--------------------------------------+------------------------------------+
; Parameter Name                     ; Value                                ; Type                               ;
+------------------------------------+--------------------------------------+------------------------------------+
; BYTE_SIZE_BLOCK                    ; 8                                    ; Untyped                            ;
; AUTO_CARRY_CHAINS                  ; ON                                   ; AUTO_CARRY                         ;
; IGNORE_CARRY_BUFFERS               ; OFF                                  ; IGNORE_CARRY                       ;
; AUTO_CASCADE_CHAINS                ; ON                                   ; AUTO_CASCADE                       ;
; IGNORE_CASCADE_BUFFERS             ; OFF                                  ; IGNORE_CASCADE                     ;
; WIDTH_BYTEENA                      ; 1                                    ; Untyped                            ;
; OPERATION_MODE                     ; DUAL_PORT                            ; Untyped                            ;
; WIDTH_A                            ; 32                                   ; Untyped                            ;
; WIDTHAD_A                          ; 5                                    ; Untyped                            ;
; NUMWORDS_A                         ; 32                                   ; Untyped                            ;
; OUTDATA_REG_A                      ; UNREGISTERED                         ; Untyped                            ;
; ADDRESS_ACLR_A                     ; NONE                                 ; Untyped                            ;
; OUTDATA_ACLR_A                     ; NONE                                 ; Untyped                            ;
; WRCONTROL_ACLR_A                   ; NONE                                 ; Untyped                            ;
; INDATA_ACLR_A                      ; NONE                                 ; Untyped                            ;
; BYTEENA_ACLR_A                     ; NONE                                 ; Untyped                            ;
; WIDTH_B                            ; 32                                   ; Untyped                            ;
; WIDTHAD_B                          ; 5                                    ; Untyped                            ;
; NUMWORDS_B                         ; 32                                   ; Untyped                            ;
; INDATA_REG_B                       ; CLOCK1                               ; Untyped                            ;
; WRCONTROL_WRADDRESS_REG_B          ; CLOCK1                               ; Untyped                            ;
; RDCONTROL_REG_B                    ; CLOCK1                               ; Untyped                            ;
; ADDRESS_REG_B                      ; CLOCK0                               ; Untyped                            ;
; OUTDATA_REG_B                      ; UNREGISTERED                         ; Untyped                            ;
; BYTEENA_REG_B                      ; CLOCK1                               ; Untyped                            ;
; INDATA_ACLR_B                      ; NONE                                 ; Untyped                            ;
; WRCONTROL_ACLR_B                   ; NONE                                 ; Untyped                            ;
; ADDRESS_ACLR_B                     ; NONE                                 ; Untyped                            ;
; OUTDATA_ACLR_B                     ; NONE                                 ; Untyped                            ;
; RDCONTROL_ACLR_B                   ; NONE                                 ; Untyped                            ;
; BYTEENA_ACLR_B                     ; NONE                                 ; Untyped                            ;
; WIDTH_BYTEENA_A                    ; 1                                    ; Untyped                            ;
; WIDTH_BYTEENA_B                    ; 1                                    ; Untyped                            ;
; RAM_BLOCK_TYPE                     ; AUTO                                 ; Untyped                            ;
; BYTE_SIZE                          ; 8                                    ; Untyped                            ;
; READ_DURING_WRITE_MODE_MIXED_PORTS ; DONT_CARE                            ; Untyped                            ;
; READ_DURING_WRITE_MODE_PORT_A      ; NEW_DATA_NO_NBE_READ                 ; Untyped                            ;
; READ_DURING_WRITE_MODE_PORT_B      ; NEW_DATA_NO_NBE_READ                 ; Untyped                            ;
; INIT_FILE                          ; db/dlx.ram0_regfile_4c9f4da2.hdl.mif ; Untyped                            ;
; INIT_FILE_LAYOUT                   ; PORT_A                               ; Untyped                            ;
; MAXIMUM_DEPTH                      ; 0                                    ; Untyped                            ;
; CLOCK_ENABLE_INPUT_A               ; NORMAL                               ; Untyped                            ;
; CLOCK_ENABLE_INPUT_B               ; NORMAL                               ; Untyped                            ;
; CLOCK_ENABLE_OUTPUT_A              ; NORMAL                               ; Untyped                            ;
; CLOCK_ENABLE_OUTPUT_B              ; NORMAL                               ; Untyped                            ;
; CLOCK_ENABLE_CORE_A                ; USE_INPUT_CLKEN                      ; Untyped                            ;
; CLOCK_ENABLE_CORE_B                ; USE_INPUT_CLKEN                      ; Untyped                            ;
; ENABLE_ECC                         ; FALSE                                ; Untyped                            ;
; ECC_PIPELINE_STAGE_ENABLED         ; FALSE                                ; Untyped                            ;
; WIDTH_ECCSTATUS                    ; 3                                    ; Untyped                            ;
; DEVICE_FAMILY                      ; MAX 10                               ; Untyped                            ;
; CBXI_PARAMETER                     ; altsyncram_8vf1                      ; Untyped                            ;
+------------------------------------+--------------------------------------+------------------------------------+
Note: In order to hide this table in the UI and the text report file, please set the "Show Parameter Settings in Synthesis Report" option in "Analysis and Synthesis Settings -> More Settings" to "Off".


+-------------------------------------------------------------------------------------------------------------+
; altsyncram Parameter Settings by Entity Instance                                                            ;
+-------------------------------------------+-----------------------------------------------------------------+
; Name                                      ; Value                                                           ;
+-------------------------------------------+-----------------------------------------------------------------+
; Number of entity instances                ; 3                                                               ;
; Entity Instance                           ; fetch:fetch_inst|imem:imem_inst|altsyncram:altsyncram_component ;
;     -- OPERATION_MODE                     ; ROM                                                             ;
;     -- WIDTH_A                            ; 32                                                              ;
;     -- NUMWORDS_A                         ; 1024                                                            ;
;     -- OUTDATA_REG_A                      ; UNREGISTERED                                                    ;
;     -- WIDTH_B                            ; 1                                                               ;
;     -- NUMWORDS_B                         ; 0                                                               ;
;     -- ADDRESS_REG_B                      ; CLOCK1                                                          ;
;     -- OUTDATA_REG_B                      ; UNREGISTERED                                                    ;
;     -- RAM_BLOCK_TYPE                     ; AUTO                                                            ;
;     -- READ_DURING_WRITE_MODE_MIXED_PORTS ; DONT_CARE                                                       ;
; Entity Instance                           ; decode:decode_inst|regfile:rf_inst|altsyncram:ram_block_rtl_0   ;
;     -- OPERATION_MODE                     ; DUAL_PORT                                                       ;
;     -- WIDTH_A                            ; 32                                                              ;
;     -- NUMWORDS_A                         ; 32                                                              ;
;     -- OUTDATA_REG_A                      ; UNREGISTERED                                                    ;
;     -- WIDTH_B                            ; 32                                                              ;
;     -- NUMWORDS_B                         ; 32                                                              ;
;     -- ADDRESS_REG_B                      ; CLOCK0                                                          ;
;     -- OUTDATA_REG_B                      ; UNREGISTERED                                                    ;
;     -- RAM_BLOCK_TYPE                     ; AUTO                                                            ;
;     -- READ_DURING_WRITE_MODE_MIXED_PORTS ; DONT_CARE                                                       ;
; Entity Instance                           ; decode:decode_inst|regfile:rf_inst|altsyncram:ram_block_rtl_1   ;
;     -- OPERATION_MODE                     ; DUAL_PORT                                                       ;
;     -- WIDTH_A                            ; 32                                                              ;
;     -- NUMWORDS_A                         ; 32                                                              ;
;     -- OUTDATA_REG_A                      ; UNREGISTERED                                                    ;
;     -- WIDTH_B                            ; 32                                                              ;
;     -- NUMWORDS_B                         ; 32                                                              ;
;     -- ADDRESS_REG_B                      ; CLOCK0                                                          ;
;     -- OUTDATA_REG_B                      ; UNREGISTERED                                                    ;
;     -- RAM_BLOCK_TYPE                     ; AUTO                                                            ;
;     -- READ_DURING_WRITE_MODE_MIXED_PORTS ; DONT_CARE                                                       ;
+-------------------------------------------+-----------------------------------------------------------------+


+------------------------------------------------------------------------------------------------------------------+
; Port Connectivity Checks: "decode:decode_inst"                                                                   ;
+--------+--------+----------+-------------------------------------------------------------------------------------+
; Port   ; Type   ; Severity ; Details                                                                             ;
+--------+--------+----------+-------------------------------------------------------------------------------------+
; pc_out ; Output ; Info     ; Connected to dangling logic. Logic that only feeds a dangling port will be removed. ;
+--------+--------+----------+-------------------------------------------------------------------------------------+


+-----------------------------------------------------+
; Post-Synthesis Netlist Statistics for Top Partition ;
+-----------------------+-----------------------------+
; Type                  ; Count                       ;
+-----------------------+-----------------------------+
; boundary_port         ; 214                         ;
; cycloneiii_ff         ; 312                         ;
;     SCLR              ; 82                          ;
;     plain             ; 230                         ;
; cycloneiii_lcell_comb ; 180                         ;
;     arith             ; 9                           ;
;         2 data inputs ; 9                           ;
;     normal            ; 171                         ;
;         0 data inputs ; 1                           ;
;         1 data inputs ; 2                           ;
;         2 data inputs ; 59                          ;
;         3 data inputs ; 19                          ;
;         4 data inputs ; 90                          ;
; cycloneiii_ram_block  ; 96                          ;
;                       ;                             ;
; Max LUT depth         ; 3.00                        ;
; Average LUT depth     ; 1.23                        ;
+-----------------------+-----------------------------+


+-------------------------------+
; Elapsed Time Per Partition    ;
+----------------+--------------+
; Partition Name ; Elapsed Time ;
+----------------+--------------+
; Top            ; 00:00:01     ;
+----------------+--------------+


+-------------------------------+
; Analysis & Synthesis Messages ;
+-------------------------------+
Info: *******************************************************************
Info: Running Quartus Prime Analysis & Synthesis
    Info: Version 24.1std.0 Build 1077 03/04/2025 SC Lite Edition
    Info: Processing started: Sat Feb 14 21:19:31 2026
Info: Command: quartus_map --read_settings_files=on --write_settings_files=off dlx -c dlx
Warning (18236): Number of processors has not been specified which may cause overloading on shared machines.  Set the global assignment NUM_PARALLEL_PROCESSORS in your QSF to an appropriate value for best performance.
Info (20030): Parallel compilation is enabled and will use 4 of the 4 processors detected
Info (12021): Found 2 design units, including 1 entities, in source file tb_dlx.vhd
    Info (12022): Found design unit 1: tb_dlx-sim File: C:/Users/TS/Desktop/dlx/tb_dlx.vhd Line: 10
    Info (12023): Found entity 1: tb_dlx File: C:/Users/TS/Desktop/dlx/tb_dlx.vhd Line: 7
Info (12021): Found 2 design units, including 1 entities, in source file regfile.vhd
    Info (12022): Found design unit 1: regfile-rtl File: C:/Users/TS/Desktop/dlx/regfile.vhd Line: 18
    Info (12023): Found entity 1: regfile File: C:/Users/TS/Desktop/dlx/regfile.vhd Line: 5
Info (12021): Found 2 design units, including 1 entities, in source file imem.vhd
    Info (12022): Found design unit 1: imem-SYN File: C:/Users/TS/Desktop/dlx/imem.vhd Line: 53
    Info (12023): Found entity 1: imem File: C:/Users/TS/Desktop/dlx/imem.vhd Line: 43
Info (12021): Found 2 design units, including 1 entities, in source file fetch.vhd
    Info (12022): Found design unit 1: fetch-rtl File: C:/Users/TS/Desktop/dlx/fetch.vhd Line: 17
    Info (12023): Found entity 1: fetch File: C:/Users/TS/Desktop/dlx/fetch.vhd Line: 5
Info (12021): Found 1 design units, including 0 entities, in source file dlx_pkg.vhd
    Info (12022): Found design unit 1: dlx_pkg File: C:/Users/TS/Desktop/dlx/dlx_pkg.vhd Line: 4
Info (12021): Found 2 design units, including 1 entities, in source file decode.vhd
    Info (12022): Found design unit 1: decode-rtl File: C:/Users/TS/Desktop/dlx/decode.vhd Line: 42
    Info (12023): Found entity 1: decode File: C:/Users/TS/Desktop/dlx/decode.vhd Line: 7
Info (12021): Found 2 design units, including 1 entities, in source file dlx.vhd
    Info (12022): Found design unit 1: dlx-rtl File: C:/Users/TS/Desktop/dlx/dlx.vhd Line: 51
    Info (12023): Found entity 1: dlx File: C:/Users/TS/Desktop/dlx/dlx.vhd Line: 7
Info (12127): Elaborating entity "dlx" for the top level hierarchy
Info (12128): Elaborating entity "fetch" for hierarchy "fetch:fetch_inst" File: C:/Users/TS/Desktop/dlx/dlx.vhd Line: 64
Warning (10036): Verilog HDL or VHDL warning at fetch.vhd(26): object "pc_d" assigned a value but never read File: C:/Users/TS/Desktop/dlx/fetch.vhd Line: 26
Info (12128): Elaborating entity "imem" for hierarchy "fetch:fetch_inst|imem:imem_inst" File: C:/Users/TS/Desktop/dlx/fetch.vhd Line: 39
Info (12128): Elaborating entity "altsyncram" for hierarchy "fetch:fetch_inst|imem:imem_inst|altsyncram:altsyncram_component" File: C:/Users/TS/Desktop/dlx/imem.vhd Line: 60
Info (12130): Elaborated megafunction instantiation "fetch:fetch_inst|imem:imem_inst|altsyncram:altsyncram_component" File: C:/Users/TS/Desktop/dlx/imem.vhd Line: 60
Info (12133): Instantiated megafunction "fetch:fetch_inst|imem:imem_inst|altsyncram:altsyncram_component" with the following parameter: File: C:/Users/TS/Desktop/dlx/imem.vhd Line: 60
    Info (12134): Parameter "address_aclr_a" = "NONE"
    Info (12134): Parameter "address_aclr_b" = "NONE"
    Info (12134): Parameter "address_reg_b" = "CLOCK1"
    Info (12134): Parameter "byte_size" = "8"
    Info (12134): Parameter "byteena_aclr_a" = "UNUSED"
    Info (12134): Parameter "byteena_aclr_b" = "NONE"
    Info (12134): Parameter "byteena_reg_b" = "CLOCK1"
    Info (12134): Parameter "clock_enable_core_a" = "USE_INPUT_CLKEN"
    Info (12134): Parameter "clock_enable_core_b" = "USE_INPUT_CLKEN"
    Info (12134): Parameter "clock_enable_input_a" = "BYPASS"
    Info (12134): Parameter "clock_enable_input_b" = "NORMAL"
    Info (12134): Parameter "clock_enable_output_a" = "BYPASS"
    Info (12134): Parameter "clock_enable_output_b" = "NORMAL"
    Info (12134): Parameter "intended_device_family" = "MAX 10"
    Info (12134): Parameter "ecc_pipeline_stage_enabled" = "FALSE"
    Info (12134): Parameter "enable_ecc" = "FALSE"
    Info (12134): Parameter "implement_in_les" = "OFF"
    Info (12134): Parameter "indata_aclr_a" = "UNUSED"
    Info (12134): Parameter "indata_aclr_b" = "NONE"
    Info (12134): Parameter "indata_reg_b" = "CLOCK1"
    Info (12134): Parameter "init_file" = "codeFactorial.mif"
    Info (12134): Parameter "init_file_layout" = "PORT_A"
    Info (12134): Parameter "maximum_depth" = "0"
    Info (12134): Parameter "numwords_a" = "1024"
    Info (12134): Parameter "numwords_b" = "0"
    Info (12134): Parameter "operation_mode" = "ROM"
    Info (12134): Parameter "outdata_aclr_a" = "NONE"
    Info (12134): Parameter "outdata_aclr_b" = "NONE"
    Info (12134): Parameter "outdata_reg_a" = "UNREGISTERED"
    Info (12134): Parameter "outdata_reg_b" = "UNREGISTERED"
    Info (12134): Parameter "power_up_uninitialized" = "FALSE"
    Info (12134): Parameter "ram_block_type" = "AUTO"
    Info (12134): Parameter "rdcontrol_aclr_b" = "NONE"
    Info (12134): Parameter "rdcontrol_reg_b" = "CLOCK1"
    Info (12134): Parameter "read_during_write_mode_mixed_ports" = "DONT_CARE"
    Info (12134): Parameter "read_during_write_mode_port_a" = "NEW_DATA_NO_NBE_READ"
    Info (12134): Parameter "read_during_write_mode_port_b" = "NEW_DATA_NO_NBE_READ"
    Info (12134): Parameter "stratixiv_m144k_allow_dual_clocks" = "ON"
    Info (12134): Parameter "width_a" = "32"
    Info (12134): Parameter "width_b" = "1"
    Info (12134): Parameter "width_byteena_a" = "1"
    Info (12134): Parameter "width_byteena_b" = "1"
    Info (12134): Parameter "width_eccstatus" = "3"
    Info (12134): Parameter "widthad_a" = "10"
    Info (12134): Parameter "widthad_b" = "1"
    Info (12134): Parameter "wrcontrol_aclr_a" = "UNUSED"
    Info (12134): Parameter "wrcontrol_aclr_b" = "NONE"
    Info (12134): Parameter "wrcontrol_wraddress_reg_b" = "CLOCK1"
    Info (12134): Parameter "lpm_hint" = "ENABLE_RUNTIME_MOD=NO"
    Info (12134): Parameter "lpm_type" = "altsyncram"
Info (12021): Found 1 design units, including 1 entities, in source file db/altsyncram_e2s3.tdf
    Info (12023): Found entity 1: altsyncram_e2s3 File: C:/Users/TS/Desktop/dlx/db/altsyncram_e2s3.tdf Line: 28
Info (12128): Elaborating entity "altsyncram_e2s3" for hierarchy "fetch:fetch_inst|imem:imem_inst|altsyncram:altsyncram_component|altsyncram_e2s3:auto_generated" File: c:/intelfpga_lite/24.1std/quartus/libraries/megafunctions/altsyncram.tdf Line: 792
Warning (113028): 1008 out of 1024 addresses are uninitialized. The Quartus Prime software will initialize them to "0". There are 1 warnings found, and 1 warnings are reported. File: C:/Users/TS/Desktop/dlx/codeFactorial.mif Line: 1
    Warning (113027): Addresses ranging from 16 to 1023 are not initialized File: C:/Users/TS/Desktop/dlx/codeFactorial.mif Line: 1
Info (12128): Elaborating entity "decode" for hierarchy "decode:decode_inst" File: C:/Users/TS/Desktop/dlx/dlx.vhd Line: 77
Info (12128): Elaborating entity "regfile" for hierarchy "decode:decode_inst|regfile:rf_inst" File: C:/Users/TS/Desktop/dlx/decode.vhd Line: 110
Warning (276020): Inferred RAM node "decode:decode_inst|regfile:rf_inst|ram_block_rtl_0" from synchronous design logic.  Pass-through logic has been added to match the read-during-write behavior of the original design.
Warning (276020): Inferred RAM node "decode:decode_inst|regfile:rf_inst|ram_block_rtl_1" from synchronous design logic.  Pass-through logic has been added to match the read-during-write behavior of the original design.
Info (19000): Inferred 2 megafunctions from design logic
    Info (276029): Inferred altsyncram megafunction from the following design logic: "decode:decode_inst|regfile:rf_inst|ram_block_rtl_0" 
        Info (286033): Parameter OPERATION_MODE set to DUAL_PORT
        Info (286033): Parameter WIDTH_A set to 32
        Info (286033): Parameter WIDTHAD_A set to 5
        Info (286033): Parameter NUMWORDS_A set to 32
        Info (286033): Parameter WIDTH_B set to 32
        Info (286033): Parameter WIDTHAD_B set to 5
        Info (286033): Parameter NUMWORDS_B set to 32
        Info (286033): Parameter ADDRESS_ACLR_A set to NONE
        Info (286033): Parameter OUTDATA_REG_B set to UNREGISTERED
        Info (286033): Parameter ADDRESS_ACLR_B set to NONE
        Info (286033): Parameter OUTDATA_ACLR_B set to NONE
        Info (286033): Parameter ADDRESS_REG_B set to CLOCK0
        Info (286033): Parameter INDATA_ACLR_A set to NONE
        Info (286033): Parameter WRCONTROL_ACLR_A set to NONE
        Info (286033): Parameter INIT_FILE set to db/dlx.ram0_regfile_4c9f4da2.hdl.mif
    Info (276029): Inferred altsyncram megafunction from the following design logic: "decode:decode_inst|regfile:rf_inst|ram_block_rtl_1" 
        Info (286033): Parameter OPERATION_MODE set to DUAL_PORT
        Info (286033): Parameter WIDTH_A set to 32
        Info (286033): Parameter WIDTHAD_A set to 5
        Info (286033): Parameter NUMWORDS_A set to 32
        Info (286033): Parameter WIDTH_B set to 32
        Info (286033): Parameter WIDTHAD_B set to 5
        Info (286033): Parameter NUMWORDS_B set to 32
        Info (286033): Parameter ADDRESS_ACLR_A set to NONE
        Info (286033): Parameter OUTDATA_REG_B set to UNREGISTERED
        Info (286033): Parameter ADDRESS_ACLR_B set to NONE
        Info (286033): Parameter OUTDATA_ACLR_B set to NONE
        Info (286033): Parameter ADDRESS_REG_B set to CLOCK0
        Info (286033): Parameter INDATA_ACLR_A set to NONE
        Info (286033): Parameter WRCONTROL_ACLR_A set to NONE
        Info (286033): Parameter INIT_FILE set to db/dlx.ram0_regfile_4c9f4da2.hdl.mif
Info (12130): Elaborated megafunction instantiation "decode:decode_inst|regfile:rf_inst|altsyncram:ram_block_rtl_0"
Info (12133): Instantiated megafunction "decode:decode_inst|regfile:rf_inst|altsyncram:ram_block_rtl_0" with the following parameter:
    Info (12134): Parameter "OPERATION_MODE" = "DUAL_PORT"
    Info (12134): Parameter "WIDTH_A" = "32"
    Info (12134): Parameter "WIDTHAD_A" = "5"
    Info (12134): Parameter "NUMWORDS_A" = "32"
    Info (12134): Parameter "WIDTH_B" = "32"
    Info (12134): Parameter "WIDTHAD_B" = "5"
    Info (12134): Parameter "NUMWORDS_B" = "32"
    Info (12134): Parameter "ADDRESS_ACLR_A" = "NONE"
    Info (12134): Parameter "OUTDATA_REG_B" = "UNREGISTERED"
    Info (12134): Parameter "ADDRESS_ACLR_B" = "NONE"
    Info (12134): Parameter "OUTDATA_ACLR_B" = "NONE"
    Info (12134): Parameter "ADDRESS_REG_B" = "CLOCK0"
    Info (12134): Parameter "INDATA_ACLR_A" = "NONE"
    Info (12134): Parameter "WRCONTROL_ACLR_A" = "NONE"
    Info (12134): Parameter "INIT_FILE" = "db/dlx.ram0_regfile_4c9f4da2.hdl.mif"
Info (12021): Found 1 design units, including 1 entities, in source file db/altsyncram_8vf1.tdf
    Info (12023): Found entity 1: altsyncram_8vf1 File: C:/Users/TS/Desktop/dlx/db/altsyncram_8vf1.tdf Line: 28
Warning (13024): Output pins are stuck at VCC or GND
    Warning (13410): Pin "ALUOp_dbg[4]" is stuck at GND File: C:/Users/TS/Desktop/dlx/dlx.vhd Line: 47
Info (286030): Timing-Driven Synthesis is running
Info (16010): Generating hard_block partition "hard_block:auto_generated_inst"
    Info (16011): Adding 0 node(s), including 0 DDIO, 0 PLL, 0 transceiver and 0 LCELL
Info (21057): Implemented 675 device resources after synthesis - the final resource count might be different
    Info (21058): Implemented 51 input pins
    Info (21059): Implemented 163 output pins
    Info (21061): Implemented 365 logic cells
    Info (21064): Implemented 96 RAM segments
Info: Quartus Prime Analysis & Synthesis was successful. 0 errors, 8 warnings
    Info: Peak virtual memory: 4883 megabytes
    Info: Processing ended: Sat Feb 14 21:19:44 2026
    Info: Elapsed time: 00:00:13
    Info: Total CPU time (on all processors): 00:00:24


